The system is: Darwin - 19.6.0 - x86_64
Compiling the CXX compiler identification source file "CMakeCXXCompilerId.cpp" succeeded.
Compiler: /Library/Developer/CommandLineTools/usr/bin/c++ 
Build flags: -march=core2;-mtune=haswell;-mssse3;-ftree-vectorize;-fPIC;-fPIE;-fstack-protector-strong;-O2;-pipe;-stdlib=libc++;-fvisibility-inlines-hidden;-std=c++14;-fmessage-length=0;-isystem;/Users/larinachen/opt/anaconda3/include
Id flags:  

The output was:
0


Compilation of the CXX compiler identification source "CMakeCXXCompilerId.cpp" produced "a.out"

The CXX compiler identification is AppleClang, found in "/Users/larinachen/Desktop/final_project/cmake-build-debug/CMakeFiles/3.20.2/CompilerIdCXX/a.out"

Detecting CXX compiler ABI info compiled with the following output:
Change Dir: /Users/larinachen/Desktop/final_project/cmake-build-debug/CMakeFiles/CMakeTmp

Run Build Command(s):/usr/bin/make -f Makefile cmTC_f1990/fast && /Library/Developer/CommandLineTools/usr/bin/make  -f CMakeFiles/cmTC_f1990.dir/build.make CMakeFiles/cmTC_f1990.dir/build
Building CXX object CMakeFiles/cmTC_f1990.dir/CMakeCXXCompilerABI.cpp.o
/Library/Developer/CommandLineTools/usr/bin/c++   -march=core2 -mtune=haswell -mssse3 -ftree-vectorize -fPIC -fPIE -fstack-protector-strong -O2 -pipe -stdlib=libc++ -fvisibility-inlines-hidden -std=c++14 -fmessage-length=0 -isystem /Users/larinachen/opt/anaconda3/include  -isysroot /Library/Developer/CommandLineTools/SDKs/MacOSX11.1.sdk -mmacosx-version-min=10.15   -v -Wl,-v -MD -MT CMakeFiles/cmTC_f1990.dir/CMakeCXXCompilerABI.cpp.o -MF CMakeFiles/cmTC_f1990.dir/CMakeCXXCompilerABI.cpp.o.d -o CMakeFiles/cmTC_f1990.dir/CMakeCXXCompilerABI.cpp.o -c /Applications/CLion.app/Contents/bin/cmake/mac/share/cmake-3.20/Modules/CMakeCXXCompilerABI.cpp
Apple clang version 12.0.0 (clang-1200.0.32.29)
Target: x86_64-apple-darwin19.6.0
Thread model: posix
InstalledDir: /Library/Developer/CommandLineTools/usr/bin
clang: warning: -Wl,-v: 'linker' input unused [-Wunused-command-line-argument]
ignoring nonexistent directory "/Library/Developer/CommandLineTools/SDKs/MacOSX11.1.sdk/usr/include/c++/v1"
 "/Library/Developer/CommandLineTools/usr/bin/clang" -cc1 -triple x86_64-apple-macosx10.15.0 -Wdeprecated-objc-isa-usage -Werror=deprecated-objc-isa-usage -Werror=implicit-function-declaration -emit-obj -disable-free -disable-llvm-verifier -discard-value-names -main-file-name CMakeCXXCompilerABI.cpp -mrelocation-model pic -pic-level 2 -mthread-model posix -mframe-pointer=all -fno-strict-return -masm-verbose -munwind-tables -target-sdk-version=11.1 -target-cpu core2 -target-feature +ssse3 -dwarf-column-info -debugger-tuning=lldb -target-linker-version 609.8 -v -resource-dir /Library/Developer/CommandLineTools/usr/lib/clang/12.0.0 -dependency-file CMakeFiles/cmTC_f1990.dir/CMakeCXXCompilerABI.cpp.o.d -skip-unused-modulemap-deps -MT CMakeFiles/cmTC_f1990.dir/CMakeCXXCompilerABI.cpp.o -sys-header-deps -isystem /Users/larinachen/opt/anaconda3/include -isysroot /Library/Developer/CommandLineTools/SDKs/MacOSX11.1.sdk -stdlib=libc++ -internal-isystem /Library/Developer/CommandLineTools/usr/bin/../include/c++/v1 -internal-isystem /Library/Developer/CommandLineTools/SDKs/MacOSX11.1.sdk/usr/local/include -internal-isystem /Library/Developer/CommandLineTools/usr/lib/clang/12.0.0/include -internal-externc-isystem /Library/Developer/CommandLineTools/SDKs/MacOSX11.1.sdk/usr/include -internal-externc-isystem /Library/Developer/CommandLineTools/usr/include -O2 -Wno-reorder-init-list -Wno-implicit-int-float-conversion -Wno-c99-designator -Wno-final-dtor-non-final-class -Wno-extra-semi-stmt -Wno-misleading-indentation -Wno-quoted-include-in-framework-header -Wno-implicit-fallthrough -Wno-enum-enum-conversion -Wno-enum-float-conversion -std=c++14 -fdeprecated-macro -fdebug-compilation-dir /Users/larinachen/Desktop/final_project/cmake-build-debug/CMakeFiles/CMakeTmp -ferror-limit 19 -fmessage-length 0 -fvisibility-inlines-hidden -stack-protector 2 -fstack-check -mdarwin-stkchk-strong-link -fblocks -fencode-extended-block-signature -fregister-global-dtors-with-atexit -fgnuc-version=4.2.1 -fobjc-runtime=macosx-10.15.0 -fcxx-exceptions -fexceptions -fmax-type-align=16 -fdiagnostics-show-option -vectorize-loops -vectorize-slp -o CMakeFiles/cmTC_f1990.dir/CMakeCXXCompilerABI.cpp.o -x c++ /Applications/CLion.app/Contents/bin/cmake/mac/share/cmake-3.20/Modules/CMakeCXXCompilerABI.cpp
clang -cc1 version 12.0.0 (clang-1200.0.32.29) default target x86_64-apple-darwin19.6.0
ignoring nonexistent directory "/Library/Developer/CommandLineTools/SDKs/MacOSX11.1.sdk/usr/local/include"
ignoring nonexistent directory "/Library/Developer/CommandLineTools/SDKs/MacOSX11.1.sdk/Library/Frameworks"
#include "..." search starts here:
#include <...> search starts here:
 /Users/larinachen/opt/anaconda3/include
 /Library/Developer/CommandLineTools/usr/bin/../include/c++/v1
 /Library/Developer/CommandLineTools/usr/lib/clang/12.0.0/include
 /Library/Developer/CommandLineTools/SDKs/MacOSX11.1.sdk/usr/include
 /Library/Developer/CommandLineTools/usr/include
 /Library/Developer/CommandLineTools/SDKs/MacOSX11.1.sdk/System/Library/Frameworks (framework directory)
End of search list.
Linking CXX executable cmTC_f1990
/Applications/CLion.app/Contents/bin/cmake/mac/bin/cmake -E cmake_link_script CMakeFiles/cmTC_f1990.dir/link.txt --verbose=1
/Library/Developer/CommandLineTools/usr/bin/c++ -march=core2 -mtune=haswell -mssse3 -ftree-vectorize -fPIC -fPIE -fstack-protector-strong -O2 -pipe -stdlib=libc++ -fvisibility-inlines-hidden -std=c++14 -fmessage-length=0 -isystem /Users/larinachen/opt/anaconda3/include  -isysroot /Library/Developer/CommandLineTools/SDKs/MacOSX11.1.sdk -mmacosx-version-min=10.15 -Wl,-search_paths_first -Wl,-headerpad_max_install_names -Wl,-pie -Wl,-headerpad_max_install_names -Wl,-dead_strip_dylibs -Wl,-rpath,/Users/larinachen/opt/anaconda3/lib -L/Users/larinachen/opt/anaconda3/lib -v -Wl,-v CMakeFiles/cmTC_f1990.dir/CMakeCXXCompilerABI.cpp.o -o cmTC_f1990 
Apple clang version 12.0.0 (clang-1200.0.32.29)
Target: x86_64-apple-darwin19.6.0
Thread model: posix
InstalledDir: /Library/Developer/CommandLineTools/usr/bin
 "/Library/Developer/CommandLineTools/usr/bin/ld" -demangle -lto_library /Library/Developer/CommandLineTools/usr/lib/libLTO.dylib -dynamic -arch x86_64 -platform_version macos 10.15.0 11.1 -pie -syslibroot /Library/Developer/CommandLineTools/SDKs/MacOSX11.1.sdk -o cmTC_f1990 -L/Users/larinachen/opt/anaconda3/lib -search_paths_first -headerpad_max_install_names -pie -headerpad_max_install_names -dead_strip_dylibs -rpath /Users/larinachen/opt/anaconda3/lib -v CMakeFiles/cmTC_f1990.dir/CMakeCXXCompilerABI.cpp.o -lc++ -lSystem /Library/Developer/CommandLineTools/usr/lib/clang/12.0.0/lib/darwin/libclang_rt.osx.a
@(#)PROGRAM:ld  PROJECT:ld64-609.8
BUILD 15:07:46 Dec 18 2020
configured to support archs: armv6 armv7 armv7s arm64 arm64e arm64_32 i386 x86_64 x86_64h armv6m armv7k armv7m armv7em
Library search paths:
	/Users/larinachen/opt/anaconda3/lib
	/Library/Developer/CommandLineTools/SDKs/MacOSX11.1.sdk/usr/lib
Framework search paths:
	/Library/Developer/CommandLineTools/SDKs/MacOSX11.1.sdk/System/Library/Frameworks/



Parsed CXX implicit include dir info from above output: rv=done
  found start of include info
  found start of implicit include info
    add: [/Users/larinachen/opt/anaconda3/include]
    add: [/Library/Developer/CommandLineTools/usr/bin/../include/c++/v1]
    add: [/Library/Developer/CommandLineTools/usr/lib/clang/12.0.0/include]
    add: [/Library/Developer/CommandLineTools/SDKs/MacOSX11.1.sdk/usr/include]
    add: [/Library/Developer/CommandLineTools/usr/include]
  end of search list found
  collapse include dir [/Users/larinachen/opt/anaconda3/include] ==> [/Users/larinachen/opt/anaconda3/include]
  collapse include dir [/Library/Developer/CommandLineTools/usr/bin/../include/c++/v1] ==> [/Library/Developer/CommandLineTools/usr/include/c++/v1]
  collapse include dir [/Library/Developer/CommandLineTools/usr/lib/clang/12.0.0/include] ==> [/Library/Developer/CommandLineTools/usr/lib/clang/12.0.0/include]
  collapse include dir [/Library/Developer/CommandLineTools/SDKs/MacOSX11.1.sdk/usr/include] ==> [/Library/Developer/CommandLineTools/SDKs/MacOSX11.1.sdk/usr/include]
  collapse include dir [/Library/Developer/CommandLineTools/usr/include] ==> [/Library/Developer/CommandLineTools/usr/include]
  implicit include dirs: [/Users/larinachen/opt/anaconda3/include;/Library/Developer/CommandLineTools/usr/include/c++/v1;/Library/Developer/CommandLineTools/usr/lib/clang/12.0.0/include;/Library/Developer/CommandLineTools/SDKs/MacOSX11.1.sdk/usr/include;/Library/Developer/CommandLineTools/usr/include]


Parsed CXX implicit link information from above output:
  link line regex: [^( *|.*[/\])(ld|CMAKE_LINK_STARTFILE-NOTFOUND|([^/\]+-)?ld|collect2)[^/\]*( |$)]
  ignore line: [Change Dir: /Users/larinachen/Desktop/final_project/cmake-build-debug/CMakeFiles/CMakeTmp]
  ignore line: []
  ignore line: [Run Build Command(s):/usr/bin/make -f Makefile cmTC_f1990/fast && /Library/Developer/CommandLineTools/usr/bin/make  -f CMakeFiles/cmTC_f1990.dir/build.make CMakeFiles/cmTC_f1990.dir/build]
  ignore line: [Building CXX object CMakeFiles/cmTC_f1990.dir/CMakeCXXCompilerABI.cpp.o]
  ignore line: [/Library/Developer/CommandLineTools/usr/bin/c++   -march=core2 -mtune=haswell -mssse3 -ftree-vectorize -fPIC -fPIE -fstack-protector-strong -O2 -pipe -stdlib=libc++ -fvisibility-inlines-hidden -std=c++14 -fmessage-length=0 -isystem /Users/larinachen/opt/anaconda3/include  -isysroot /Library/Developer/CommandLineTools/SDKs/MacOSX11.1.sdk -mmacosx-version-min=10.15   -v -Wl -v -MD -MT CMakeFiles/cmTC_f1990.dir/CMakeCXXCompilerABI.cpp.o -MF CMakeFiles/cmTC_f1990.dir/CMakeCXXCompilerABI.cpp.o.d -o CMakeFiles/cmTC_f1990.dir/CMakeCXXCompilerABI.cpp.o -c /Applications/CLion.app/Contents/bin/cmake/mac/share/cmake-3.20/Modules/CMakeCXXCompilerABI.cpp]
  ignore line: [Apple clang version 12.0.0 (clang-1200.0.32.29)]
  ignore line: [Target: x86_64-apple-darwin19.6.0]
  ignore line: [Thread model: posix]
  ignore line: [InstalledDir: /Library/Developer/CommandLineTools/usr/bin]
  ignore line: [clang: warning: -Wl -v: 'linker' input unused [-Wunused-command-line-argument]]
  ignore line: [ignoring nonexistent directory "/Library/Developer/CommandLineTools/SDKs/MacOSX11.1.sdk/usr/include/c++/v1"]
  ignore line: [ "/Library/Developer/CommandLineTools/usr/bin/clang" -cc1 -triple x86_64-apple-macosx10.15.0 -Wdeprecated-objc-isa-usage -Werror=deprecated-objc-isa-usage -Werror=implicit-function-declaration -emit-obj -disable-free -disable-llvm-verifier -discard-value-names -main-file-name CMakeCXXCompilerABI.cpp -mrelocation-model pic -pic-level 2 -mthread-model posix -mframe-pointer=all -fno-strict-return -masm-verbose -munwind-tables -target-sdk-version=11.1 -target-cpu core2 -target-feature +ssse3 -dwarf-column-info -debugger-tuning=lldb -target-linker-version 609.8 -v -resource-dir /Library/Developer/CommandLineTools/usr/lib/clang/12.0.0 -dependency-file CMakeFiles/cmTC_f1990.dir/CMakeCXXCompilerABI.cpp.o.d -skip-unused-modulemap-deps -MT CMakeFiles/cmTC_f1990.dir/CMakeCXXCompilerABI.cpp.o -sys-header-deps -isystem /Users/larinachen/opt/anaconda3/include -isysroot /Library/Developer/CommandLineTools/SDKs/MacOSX11.1.sdk -stdlib=libc++ -internal-isystem /Library/Developer/CommandLineTools/usr/bin/../include/c++/v1 -internal-isystem /Library/Developer/CommandLineTools/SDKs/MacOSX11.1.sdk/usr/local/include -internal-isystem /Library/Developer/CommandLineTools/usr/lib/clang/12.0.0/include -internal-externc-isystem /Library/Developer/CommandLineTools/SDKs/MacOSX11.1.sdk/usr/include -internal-externc-isystem /Library/Developer/CommandLineTools/usr/include -O2 -Wno-reorder-init-list -Wno-implicit-int-float-conversion -Wno-c99-designator -Wno-final-dtor-non-final-class -Wno-extra-semi-stmt -Wno-misleading-indentation -Wno-quoted-include-in-framework-header -Wno-implicit-fallthrough -Wno-enum-enum-conversion -Wno-enum-float-conversion -std=c++14 -fdeprecated-macro -fdebug-compilation-dir /Users/larinachen/Desktop/final_project/cmake-build-debug/CMakeFiles/CMakeTmp -ferror-limit 19 -fmessage-length 0 -fvisibility-inlines-hidden -stack-protector 2 -fstack-check -mdarwin-stkchk-strong-link -fblocks -fencode-extended-block-signature -fregister-global-dtors-with-atexit -fgnuc-version=4.2.1 -fobjc-runtime=macosx-10.15.0 -fcxx-exceptions -fexceptions -fmax-type-align=16 -fdiagnostics-show-option -vectorize-loops -vectorize-slp -o CMakeFiles/cmTC_f1990.dir/CMakeCXXCompilerABI.cpp.o -x c++ /Applications/CLion.app/Contents/bin/cmake/mac/share/cmake-3.20/Modules/CMakeCXXCompilerABI.cpp]
  ignore line: [clang -cc1 version 12.0.0 (clang-1200.0.32.29) default target x86_64-apple-darwin19.6.0]
  ignore line: [ignoring nonexistent directory "/Library/Developer/CommandLineTools/SDKs/MacOSX11.1.sdk/usr/local/include"]
  ignore line: [ignoring nonexistent directory "/Library/Developer/CommandLineTools/SDKs/MacOSX11.1.sdk/Library/Frameworks"]
  ignore line: [#include "..." search starts here:]
  ignore line: [#include <...> search starts here:]
  ignore line: [ /Users/larinachen/opt/anaconda3/include]
  ignore line: [ /Library/Developer/CommandLineTools/usr/bin/../include/c++/v1]
  ignore line: [ /Library/Developer/CommandLineTools/usr/lib/clang/12.0.0/include]
  ignore line: [ /Library/Developer/CommandLineTools/SDKs/MacOSX11.1.sdk/usr/include]
  ignore line: [ /Library/Developer/CommandLineTools/usr/include]
  ignore line: [ /Library/Developer/CommandLineTools/SDKs/MacOSX11.1.sdk/System/Library/Frameworks (framework directory)]
  ignore line: [End of search list.]
  ignore line: [Linking CXX executable cmTC_f1990]
  ignore line: [/Applications/CLion.app/Contents/bin/cmake/mac/bin/cmake -E cmake_link_script CMakeFiles/cmTC_f1990.dir/link.txt --verbose=1]
  ignore line: [/Library/Developer/CommandLineTools/usr/bin/c++ -march=core2 -mtune=haswell -mssse3 -ftree-vectorize -fPIC -fPIE -fstack-protector-strong -O2 -pipe -stdlib=libc++ -fvisibility-inlines-hidden -std=c++14 -fmessage-length=0 -isystem /Users/larinachen/opt/anaconda3/include  -isysroot /Library/Developer/CommandLineTools/SDKs/MacOSX11.1.sdk -mmacosx-version-min=10.15 -Wl -search_paths_first -Wl -headerpad_max_install_names -Wl -pie -Wl -headerpad_max_install_names -Wl -dead_strip_dylibs -Wl -rpath /Users/larinachen/opt/anaconda3/lib -L/Users/larinachen/opt/anaconda3/lib -v -Wl -v CMakeFiles/cmTC_f1990.dir/CMakeCXXCompilerABI.cpp.o -o cmTC_f1990 ]
  ignore line: [Apple clang version 12.0.0 (clang-1200.0.32.29)]
  ignore line: [Target: x86_64-apple-darwin19.6.0]
  ignore line: [Thread model: posix]
  ignore line: [InstalledDir: /Library/Developer/CommandLineTools/usr/bin]
  link line: [ "/Library/Developer/CommandLineTools/usr/bin/ld" -demangle -lto_library /Library/Developer/CommandLineTools/usr/lib/libLTO.dylib -dynamic -arch x86_64 -platform_version macos 10.15.0 11.1 -pie -syslibroot /Library/Developer/CommandLineTools/SDKs/MacOSX11.1.sdk -o cmTC_f1990 -L/Users/larinachen/opt/anaconda3/lib -search_paths_first -headerpad_max_install_names -pie -headerpad_max_install_names -dead_strip_dylibs -rpath /Users/larinachen/opt/anaconda3/lib -v CMakeFiles/cmTC_f1990.dir/CMakeCXXCompilerABI.cpp.o -lc++ -lSystem /Library/Developer/CommandLineTools/usr/lib/clang/12.0.0/lib/darwin/libclang_rt.osx.a]
    arg [/Library/Developer/CommandLineTools/usr/bin/ld] ==> ignore
    arg [-demangle] ==> ignore
    arg [-lto_library] ==> ignore, skip following value
    arg [/Library/Developer/CommandLineTools/usr/lib/libLTO.dylib] ==> skip value of -lto_library
    arg [-dynamic] ==> ignore
    arg [-arch] ==> ignore
    arg [x86_64] ==> ignore
    arg [-platform_version] ==> ignore
    arg [macos] ==> ignore
    arg [10.15.0] ==> ignore
    arg [11.1] ==> ignore
    arg [-pie] ==> ignore
    arg [-syslibroot] ==> ignore
    arg [/Library/Developer/CommandLineTools/SDKs/MacOSX11.1.sdk] ==> ignore
    arg [-o] ==> ignore
    arg [cmTC_f1990] ==> ignore
    arg [-L/Users/larinachen/opt/anaconda3/lib] ==> dir [/Users/larinachen/opt/anaconda3/lib]
    arg [-search_paths_first] ==> ignore
    arg [-headerpad_max_install_names] ==> ignore
    arg [-pie] ==> ignore
    arg [-headerpad_max_install_names] ==> ignore
    arg [-dead_strip_dylibs] ==> ignore
    arg [-rpath] ==> ignore
    arg [/Users/larinachen/opt/anaconda3/lib] ==> ignore
    arg [-v] ==> ignore
    arg [CMakeFiles/cmTC_f1990.dir/CMakeCXXCompilerABI.cpp.o] ==> ignore
    arg [-lc++] ==> lib [c++]
    arg [-lSystem] ==> lib [System]
    arg [/Library/Developer/CommandLineTools/usr/lib/clang/12.0.0/lib/darwin/libclang_rt.osx.a] ==> lib [/Library/Developer/CommandLineTools/usr/lib/clang/12.0.0/lib/darwin/libclang_rt.osx.a]
  Library search paths: [;/Users/larinachen/opt/anaconda3/lib;/Library/Developer/CommandLineTools/SDKs/MacOSX11.1.sdk/usr/lib]
  Framework search paths: [;/Library/Developer/CommandLineTools/SDKs/MacOSX11.1.sdk/System/Library/Frameworks/]
  remove lib [System]
  remove lib [/Library/Developer/CommandLineTools/usr/lib/clang/12.0.0/lib/darwin/libclang_rt.osx.a]
  collapse library dir [/Users/larinachen/opt/anaconda3/lib] ==> [/Users/larinachen/opt/anaconda3/lib]
  collapse library dir [/Users/larinachen/opt/anaconda3/lib] ==> [/Users/larinachen/opt/anaconda3/lib]
  collapse library dir [/Library/Developer/CommandLineTools/SDKs/MacOSX11.1.sdk/usr/lib] ==> [/Library/Developer/CommandLineTools/SDKs/MacOSX11.1.sdk/usr/lib]
  collapse framework dir [/Library/Developer/CommandLineTools/SDKs/MacOSX11.1.sdk/System/Library/Frameworks/] ==> [/Library/Developer/CommandLineTools/SDKs/MacOSX11.1.sdk/System/Library/Frameworks]
  implicit libs: [c++]
  implicit objs: []
  implicit dirs: [/Users/larinachen/opt/anaconda3/lib;/Library/Developer/CommandLineTools/SDKs/MacOSX11.1.sdk/usr/lib]
  implicit fwks: [/Library/Developer/CommandLineTools/SDKs/MacOSX11.1.sdk/System/Library/Frameworks]


Performing C++ SOURCE FILE Test CXXFLAG_WALL_OKAY succeeded with the following output:
Change Dir: /Users/larinachen/Desktop/final_project/cmake-build-debug/CMakeFiles/CMakeTmp

Run Build Command(s):/usr/bin/make -f Makefile cmTC_d2df0/fast && /Library/Developer/CommandLineTools/usr/bin/make  -f CMakeFiles/cmTC_d2df0.dir/build.make CMakeFiles/cmTC_d2df0.dir/build
Building CXX object CMakeFiles/cmTC_d2df0.dir/src.cxx.o
/Library/Developer/CommandLineTools/usr/bin/c++ -DCXXFLAG_WALL_OKAY  -march=core2 -mtune=haswell -mssse3 -ftree-vectorize -fPIC -fPIE -fstack-protector-strong -O2 -pipe -stdlib=libc++ -fvisibility-inlines-hidden -std=c++14 -fmessage-length=0 -isystem /Users/larinachen/opt/anaconda3/include  -isysroot /Library/Developer/CommandLineTools/SDKs/MacOSX11.1.sdk -mmacosx-version-min=10.15   -Wall -MD -MT CMakeFiles/cmTC_d2df0.dir/src.cxx.o -MF CMakeFiles/cmTC_d2df0.dir/src.cxx.o.d -o CMakeFiles/cmTC_d2df0.dir/src.cxx.o -c /Users/larinachen/Desktop/final_project/cmake-build-debug/CMakeFiles/CMakeTmp/src.cxx
Linking CXX executable cmTC_d2df0
/Applications/CLion.app/Contents/bin/cmake/mac/bin/cmake -E cmake_link_script CMakeFiles/cmTC_d2df0.dir/link.txt --verbose=1
/Library/Developer/CommandLineTools/usr/bin/c++ -march=core2 -mtune=haswell -mssse3 -ftree-vectorize -fPIC -fPIE -fstack-protector-strong -O2 -pipe -stdlib=libc++ -fvisibility-inlines-hidden -std=c++14 -fmessage-length=0 -isystem /Users/larinachen/opt/anaconda3/include  -isysroot /Library/Developer/CommandLineTools/SDKs/MacOSX11.1.sdk -mmacosx-version-min=10.15 -Wl,-search_paths_first -Wl,-headerpad_max_install_names -Wl,-pie -Wl,-headerpad_max_install_names -Wl,-dead_strip_dylibs -Wl,-rpath,/Users/larinachen/opt/anaconda3/lib -L/Users/larinachen/opt/anaconda3/lib  CMakeFiles/cmTC_d2df0.dir/src.cxx.o -o cmTC_d2df0 


Source file was:
int main() { return 0; }
Performing C++ SOURCE FILE Test CXXFLAG_WCAST_QUAL_OKAY succeeded with the following output:
Change Dir: /Users/larinachen/Desktop/final_project/cmake-build-debug/CMakeFiles/CMakeTmp

Run Build Command(s):/usr/bin/make -f Makefile cmTC_4477f/fast && /Library/Developer/CommandLineTools/usr/bin/make  -f CMakeFiles/cmTC_4477f.dir/build.make CMakeFiles/cmTC_4477f.dir/build
Building CXX object CMakeFiles/cmTC_4477f.dir/src.cxx.o
/Library/Developer/CommandLineTools/usr/bin/c++ -DCXXFLAG_WCAST_QUAL_OKAY  -march=core2 -mtune=haswell -mssse3 -ftree-vectorize -fPIC -fPIE -fstack-protector-strong -O2 -pipe -stdlib=libc++ -fvisibility-inlines-hidden -std=c++14 -fmessage-length=0 -isystem /Users/larinachen/opt/anaconda3/include  -isysroot /Library/Developer/CommandLineTools/SDKs/MacOSX11.1.sdk -mmacosx-version-min=10.15   -Wcast-qual -MD -MT CMakeFiles/cmTC_4477f.dir/src.cxx.o -MF CMakeFiles/cmTC_4477f.dir/src.cxx.o.d -o CMakeFiles/cmTC_4477f.dir/src.cxx.o -c /Users/larinachen/Desktop/final_project/cmake-build-debug/CMakeFiles/CMakeTmp/src.cxx
Linking CXX executable cmTC_4477f
/Applications/CLion.app/Contents/bin/cmake/mac/bin/cmake -E cmake_link_script CMakeFiles/cmTC_4477f.dir/link.txt --verbose=1
/Library/Developer/CommandLineTools/usr/bin/c++ -march=core2 -mtune=haswell -mssse3 -ftree-vectorize -fPIC -fPIE -fstack-protector-strong -O2 -pipe -stdlib=libc++ -fvisibility-inlines-hidden -std=c++14 -fmessage-length=0 -isystem /Users/larinachen/opt/anaconda3/include  -isysroot /Library/Developer/CommandLineTools/SDKs/MacOSX11.1.sdk -mmacosx-version-min=10.15 -Wl,-search_paths_first -Wl,-headerpad_max_install_names -Wl,-pie -Wl,-headerpad_max_install_names -Wl,-dead_strip_dylibs -Wl,-rpath,/Users/larinachen/opt/anaconda3/lib -L/Users/larinachen/opt/anaconda3/lib  CMakeFiles/cmTC_4477f.dir/src.cxx.o -o cmTC_4477f 


Source file was:
int main() { return 0; }
Performing C++ SOURCE FILE Test CXXFLAG_WDANGLING_ELSE_OKAY succeeded with the following output:
Change Dir: /Users/larinachen/Desktop/final_project/cmake-build-debug/CMakeFiles/CMakeTmp

Run Build Command(s):/usr/bin/make -f Makefile cmTC_54cab/fast && /Library/Developer/CommandLineTools/usr/bin/make  -f CMakeFiles/cmTC_54cab.dir/build.make CMakeFiles/cmTC_54cab.dir/build
Building CXX object CMakeFiles/cmTC_54cab.dir/src.cxx.o
/Library/Developer/CommandLineTools/usr/bin/c++ -DCXXFLAG_WDANGLING_ELSE_OKAY  -march=core2 -mtune=haswell -mssse3 -ftree-vectorize -fPIC -fPIE -fstack-protector-strong -O2 -pipe -stdlib=libc++ -fvisibility-inlines-hidden -std=c++14 -fmessage-length=0 -isystem /Users/larinachen/opt/anaconda3/include  -isysroot /Library/Developer/CommandLineTools/SDKs/MacOSX11.1.sdk -mmacosx-version-min=10.15   -Wdangling-else -MD -MT CMakeFiles/cmTC_54cab.dir/src.cxx.o -MF CMakeFiles/cmTC_54cab.dir/src.cxx.o.d -o CMakeFiles/cmTC_54cab.dir/src.cxx.o -c /Users/larinachen/Desktop/final_project/cmake-build-debug/CMakeFiles/CMakeTmp/src.cxx
Linking CXX executable cmTC_54cab
/Applications/CLion.app/Contents/bin/cmake/mac/bin/cmake -E cmake_link_script CMakeFiles/cmTC_54cab.dir/link.txt --verbose=1
/Library/Developer/CommandLineTools/usr/bin/c++ -march=core2 -mtune=haswell -mssse3 -ftree-vectorize -fPIC -fPIE -fstack-protector-strong -O2 -pipe -stdlib=libc++ -fvisibility-inlines-hidden -std=c++14 -fmessage-length=0 -isystem /Users/larinachen/opt/anaconda3/include  -isysroot /Library/Developer/CommandLineTools/SDKs/MacOSX11.1.sdk -mmacosx-version-min=10.15 -Wl,-search_paths_first -Wl,-headerpad_max_install_names -Wl,-pie -Wl,-headerpad_max_install_names -Wl,-dead_strip_dylibs -Wl,-rpath,/Users/larinachen/opt/anaconda3/lib -L/Users/larinachen/opt/anaconda3/lib  CMakeFiles/cmTC_54cab.dir/src.cxx.o -o cmTC_54cab 


Source file was:
int main() { return 0; }
Performing C++ SOURCE FILE Test CXXFLAG_WNULL_DEREFERENCE_OKAY succeeded with the following output:
Change Dir: /Users/larinachen/Desktop/final_project/cmake-build-debug/CMakeFiles/CMakeTmp

Run Build Command(s):/usr/bin/make -f Makefile cmTC_124de/fast && /Library/Developer/CommandLineTools/usr/bin/make  -f CMakeFiles/cmTC_124de.dir/build.make CMakeFiles/cmTC_124de.dir/build
Building CXX object CMakeFiles/cmTC_124de.dir/src.cxx.o
/Library/Developer/CommandLineTools/usr/bin/c++ -DCXXFLAG_WNULL_DEREFERENCE_OKAY  -march=core2 -mtune=haswell -mssse3 -ftree-vectorize -fPIC -fPIE -fstack-protector-strong -O2 -pipe -stdlib=libc++ -fvisibility-inlines-hidden -std=c++14 -fmessage-length=0 -isystem /Users/larinachen/opt/anaconda3/include  -isysroot /Library/Developer/CommandLineTools/SDKs/MacOSX11.1.sdk -mmacosx-version-min=10.15   -Wnull-dereference -MD -MT CMakeFiles/cmTC_124de.dir/src.cxx.o -MF CMakeFiles/cmTC_124de.dir/src.cxx.o.d -o CMakeFiles/cmTC_124de.dir/src.cxx.o -c /Users/larinachen/Desktop/final_project/cmake-build-debug/CMakeFiles/CMakeTmp/src.cxx
Linking CXX executable cmTC_124de
/Applications/CLion.app/Contents/bin/cmake/mac/bin/cmake -E cmake_link_script CMakeFiles/cmTC_124de.dir/link.txt --verbose=1
/Library/Developer/CommandLineTools/usr/bin/c++ -march=core2 -mtune=haswell -mssse3 -ftree-vectorize -fPIC -fPIE -fstack-protector-strong -O2 -pipe -stdlib=libc++ -fvisibility-inlines-hidden -std=c++14 -fmessage-length=0 -isystem /Users/larinachen/opt/anaconda3/include  -isysroot /Library/Developer/CommandLineTools/SDKs/MacOSX11.1.sdk -mmacosx-version-min=10.15 -Wl,-search_paths_first -Wl,-headerpad_max_install_names -Wl,-pie -Wl,-headerpad_max_install_names -Wl,-dead_strip_dylibs -Wl,-rpath,/Users/larinachen/opt/anaconda3/lib -L/Users/larinachen/opt/anaconda3/lib  CMakeFiles/cmTC_124de.dir/src.cxx.o -o cmTC_124de 


Source file was:
int main() { return 0; }
Performing C++ SOURCE FILE Test CXXFLAG_WTYPE_LIMITS_OKAY succeeded with the following output:
Change Dir: /Users/larinachen/Desktop/final_project/cmake-build-debug/CMakeFiles/CMakeTmp

Run Build Command(s):/usr/bin/make -f Makefile cmTC_67384/fast && /Library/Developer/CommandLineTools/usr/bin/make  -f CMakeFiles/cmTC_67384.dir/build.make CMakeFiles/cmTC_67384.dir/build
Building CXX object CMakeFiles/cmTC_67384.dir/src.cxx.o
/Library/Developer/CommandLineTools/usr/bin/c++ -DCXXFLAG_WTYPE_LIMITS_OKAY  -march=core2 -mtune=haswell -mssse3 -ftree-vectorize -fPIC -fPIE -fstack-protector-strong -O2 -pipe -stdlib=libc++ -fvisibility-inlines-hidden -std=c++14 -fmessage-length=0 -isystem /Users/larinachen/opt/anaconda3/include  -isysroot /Library/Developer/CommandLineTools/SDKs/MacOSX11.1.sdk -mmacosx-version-min=10.15   -Wtype-limits -MD -MT CMakeFiles/cmTC_67384.dir/src.cxx.o -MF CMakeFiles/cmTC_67384.dir/src.cxx.o.d -o CMakeFiles/cmTC_67384.dir/src.cxx.o -c /Users/larinachen/Desktop/final_project/cmake-build-debug/CMakeFiles/CMakeTmp/src.cxx
Linking CXX executable cmTC_67384
/Applications/CLion.app/Contents/bin/cmake/mac/bin/cmake -E cmake_link_script CMakeFiles/cmTC_67384.dir/link.txt --verbose=1
/Library/Developer/CommandLineTools/usr/bin/c++ -march=core2 -mtune=haswell -mssse3 -ftree-vectorize -fPIC -fPIE -fstack-protector-strong -O2 -pipe -stdlib=libc++ -fvisibility-inlines-hidden -std=c++14 -fmessage-length=0 -isystem /Users/larinachen/opt/anaconda3/include  -isysroot /Library/Developer/CommandLineTools/SDKs/MacOSX11.1.sdk -mmacosx-version-min=10.15 -Wl,-search_paths_first -Wl,-headerpad_max_install_names -Wl,-pie -Wl,-headerpad_max_install_names -Wl,-dead_strip_dylibs -Wl,-rpath,/Users/larinachen/opt/anaconda3/lib -L/Users/larinachen/opt/anaconda3/lib  CMakeFiles/cmTC_67384.dir/src.cxx.o -o cmTC_67384 


Source file was:
int main() { return 0; }
Performing C++ SOURCE FILE Test CXXFLAG_WWRITE_STRINGS_OKAY succeeded with the following output:
Change Dir: /Users/larinachen/Desktop/final_project/cmake-build-debug/CMakeFiles/CMakeTmp

Run Build Command(s):/usr/bin/make -f Makefile cmTC_7ca11/fast && /Library/Developer/CommandLineTools/usr/bin/make  -f CMakeFiles/cmTC_7ca11.dir/build.make CMakeFiles/cmTC_7ca11.dir/build
Building CXX object CMakeFiles/cmTC_7ca11.dir/src.cxx.o
/Library/Developer/CommandLineTools/usr/bin/c++ -DCXXFLAG_WWRITE_STRINGS_OKAY  -march=core2 -mtune=haswell -mssse3 -ftree-vectorize -fPIC -fPIE -fstack-protector-strong -O2 -pipe -stdlib=libc++ -fvisibility-inlines-hidden -std=c++14 -fmessage-length=0 -isystem /Users/larinachen/opt/anaconda3/include  -isysroot /Library/Developer/CommandLineTools/SDKs/MacOSX11.1.sdk -mmacosx-version-min=10.15   -Wwrite-strings -MD -MT CMakeFiles/cmTC_7ca11.dir/src.cxx.o -MF CMakeFiles/cmTC_7ca11.dir/src.cxx.o.d -o CMakeFiles/cmTC_7ca11.dir/src.cxx.o -c /Users/larinachen/Desktop/final_project/cmake-build-debug/CMakeFiles/CMakeTmp/src.cxx
Linking CXX executable cmTC_7ca11
/Applications/CLion.app/Contents/bin/cmake/mac/bin/cmake -E cmake_link_script CMakeFiles/cmTC_7ca11.dir/link.txt --verbose=1
/Library/Developer/CommandLineTools/usr/bin/c++ -march=core2 -mtune=haswell -mssse3 -ftree-vectorize -fPIC -fPIE -fstack-protector-strong -O2 -pipe -stdlib=libc++ -fvisibility-inlines-hidden -std=c++14 -fmessage-length=0 -isystem /Users/larinachen/opt/anaconda3/include  -isysroot /Library/Developer/CommandLineTools/SDKs/MacOSX11.1.sdk -mmacosx-version-min=10.15 -Wl,-search_paths_first -Wl,-headerpad_max_install_names -Wl,-pie -Wl,-headerpad_max_install_names -Wl,-dead_strip_dylibs -Wl,-rpath,/Users/larinachen/opt/anaconda3/lib -L/Users/larinachen/opt/anaconda3/lib  CMakeFiles/cmTC_7ca11.dir/src.cxx.o -o cmTC_7ca11 


Source file was:
int main() { return 0; }
Performing C++ SOURCE FILE Test CXXFLAG_WERROR_BOOL_OPERATION_OKAY succeeded with the following output:
Change Dir: /Users/larinachen/Desktop/final_project/cmake-build-debug/CMakeFiles/CMakeTmp

Run Build Command(s):/usr/bin/make -f Makefile cmTC_29904/fast && /Library/Developer/CommandLineTools/usr/bin/make  -f CMakeFiles/cmTC_29904.dir/build.make CMakeFiles/cmTC_29904.dir/build
Building CXX object CMakeFiles/cmTC_29904.dir/src.cxx.o
/Library/Developer/CommandLineTools/usr/bin/c++ -DCXXFLAG_WERROR_BOOL_OPERATION_OKAY  -march=core2 -mtune=haswell -mssse3 -ftree-vectorize -fPIC -fPIE -fstack-protector-strong -O2 -pipe -stdlib=libc++ -fvisibility-inlines-hidden -std=c++14 -fmessage-length=0 -isystem /Users/larinachen/opt/anaconda3/include  -isysroot /Library/Developer/CommandLineTools/SDKs/MacOSX11.1.sdk -mmacosx-version-min=10.15   -Werror=bool-operation -MD -MT CMakeFiles/cmTC_29904.dir/src.cxx.o -MF CMakeFiles/cmTC_29904.dir/src.cxx.o.d -o CMakeFiles/cmTC_29904.dir/src.cxx.o -c /Users/larinachen/Desktop/final_project/cmake-build-debug/CMakeFiles/CMakeTmp/src.cxx
Linking CXX executable cmTC_29904
/Applications/CLion.app/Contents/bin/cmake/mac/bin/cmake -E cmake_link_script CMakeFiles/cmTC_29904.dir/link.txt --verbose=1
/Library/Developer/CommandLineTools/usr/bin/c++ -march=core2 -mtune=haswell -mssse3 -ftree-vectorize -fPIC -fPIE -fstack-protector-strong -O2 -pipe -stdlib=libc++ -fvisibility-inlines-hidden -std=c++14 -fmessage-length=0 -isystem /Users/larinachen/opt/anaconda3/include  -isysroot /Library/Developer/CommandLineTools/SDKs/MacOSX11.1.sdk -mmacosx-version-min=10.15 -Wl,-search_paths_first -Wl,-headerpad_max_install_names -Wl,-pie -Wl,-headerpad_max_install_names -Wl,-dead_strip_dylibs -Wl,-rpath,/Users/larinachen/opt/anaconda3/lib -L/Users/larinachen/opt/anaconda3/lib  CMakeFiles/cmTC_29904.dir/src.cxx.o -o cmTC_29904 


Source file was:
int main() { return 0; }
Performing C++ SOURCE FILE Test CXXFLAG_WERROR_INT_TO_POINTER_CAST_OKAY succeeded with the following output:
Change Dir: /Users/larinachen/Desktop/final_project/cmake-build-debug/CMakeFiles/CMakeTmp

Run Build Command(s):/usr/bin/make -f Makefile cmTC_6ad7d/fast && /Library/Developer/CommandLineTools/usr/bin/make  -f CMakeFiles/cmTC_6ad7d.dir/build.make CMakeFiles/cmTC_6ad7d.dir/build
Building CXX object CMakeFiles/cmTC_6ad7d.dir/src.cxx.o
/Library/Developer/CommandLineTools/usr/bin/c++ -DCXXFLAG_WERROR_INT_TO_POINTER_CAST_OKAY  -march=core2 -mtune=haswell -mssse3 -ftree-vectorize -fPIC -fPIE -fstack-protector-strong -O2 -pipe -stdlib=libc++ -fvisibility-inlines-hidden -std=c++14 -fmessage-length=0 -isystem /Users/larinachen/opt/anaconda3/include  -isysroot /Library/Developer/CommandLineTools/SDKs/MacOSX11.1.sdk -mmacosx-version-min=10.15   -Werror=int-to-pointer-cast -MD -MT CMakeFiles/cmTC_6ad7d.dir/src.cxx.o -MF CMakeFiles/cmTC_6ad7d.dir/src.cxx.o.d -o CMakeFiles/cmTC_6ad7d.dir/src.cxx.o -c /Users/larinachen/Desktop/final_project/cmake-build-debug/CMakeFiles/CMakeTmp/src.cxx
Linking CXX executable cmTC_6ad7d
/Applications/CLion.app/Contents/bin/cmake/mac/bin/cmake -E cmake_link_script CMakeFiles/cmTC_6ad7d.dir/link.txt --verbose=1
/Library/Developer/CommandLineTools/usr/bin/c++ -march=core2 -mtune=haswell -mssse3 -ftree-vectorize -fPIC -fPIE -fstack-protector-strong -O2 -pipe -stdlib=libc++ -fvisibility-inlines-hidden -std=c++14 -fmessage-length=0 -isystem /Users/larinachen/opt/anaconda3/include  -isysroot /Library/Developer/CommandLineTools/SDKs/MacOSX11.1.sdk -mmacosx-version-min=10.15 -Wl,-search_paths_first -Wl,-headerpad_max_install_names -Wl,-pie -Wl,-headerpad_max_install_names -Wl,-dead_strip_dylibs -Wl,-rpath,/Users/larinachen/opt/anaconda3/lib -L/Users/larinachen/opt/anaconda3/lib  CMakeFiles/cmTC_6ad7d.dir/src.cxx.o -o cmTC_6ad7d 


Source file was:
int main() { return 0; }
Performing C++ SOURCE FILE Test CXXFLAG_WERROR_RETURN_TYPE_OKAY succeeded with the following output:
Change Dir: /Users/larinachen/Desktop/final_project/cmake-build-debug/CMakeFiles/CMakeTmp

Run Build Command(s):/usr/bin/make -f Makefile cmTC_74945/fast && /Library/Developer/CommandLineTools/usr/bin/make  -f CMakeFiles/cmTC_74945.dir/build.make CMakeFiles/cmTC_74945.dir/build
Building CXX object CMakeFiles/cmTC_74945.dir/src.cxx.o
/Library/Developer/CommandLineTools/usr/bin/c++ -DCXXFLAG_WERROR_RETURN_TYPE_OKAY  -march=core2 -mtune=haswell -mssse3 -ftree-vectorize -fPIC -fPIE -fstack-protector-strong -O2 -pipe -stdlib=libc++ -fvisibility-inlines-hidden -std=c++14 -fmessage-length=0 -isystem /Users/larinachen/opt/anaconda3/include  -isysroot /Library/Developer/CommandLineTools/SDKs/MacOSX11.1.sdk -mmacosx-version-min=10.15   -Werror=return-type -MD -MT CMakeFiles/cmTC_74945.dir/src.cxx.o -MF CMakeFiles/cmTC_74945.dir/src.cxx.o.d -o CMakeFiles/cmTC_74945.dir/src.cxx.o -c /Users/larinachen/Desktop/final_project/cmake-build-debug/CMakeFiles/CMakeTmp/src.cxx
Linking CXX executable cmTC_74945
/Applications/CLion.app/Contents/bin/cmake/mac/bin/cmake -E cmake_link_script CMakeFiles/cmTC_74945.dir/link.txt --verbose=1
/Library/Developer/CommandLineTools/usr/bin/c++ -march=core2 -mtune=haswell -mssse3 -ftree-vectorize -fPIC -fPIE -fstack-protector-strong -O2 -pipe -stdlib=libc++ -fvisibility-inlines-hidden -std=c++14 -fmessage-length=0 -isystem /Users/larinachen/opt/anaconda3/include  -isysroot /Library/Developer/CommandLineTools/SDKs/MacOSX11.1.sdk -mmacosx-version-min=10.15 -Wl,-search_paths_first -Wl,-headerpad_max_install_names -Wl,-pie -Wl,-headerpad_max_install_names -Wl,-dead_strip_dylibs -Wl,-rpath,/Users/larinachen/opt/anaconda3/lib -L/Users/larinachen/opt/anaconda3/lib  CMakeFiles/cmTC_74945.dir/src.cxx.o -o cmTC_74945 


Source file was:
int main() { return 0; }
Performing C++ SOURCE FILE Test CXXFLAG_WERROR_UNINITIALIZED_OKAY succeeded with the following output:
Change Dir: /Users/larinachen/Desktop/final_project/cmake-build-debug/CMakeFiles/CMakeTmp

Run Build Command(s):/usr/bin/make -f Makefile cmTC_1d07b/fast && /Library/Developer/CommandLineTools/usr/bin/make  -f CMakeFiles/cmTC_1d07b.dir/build.make CMakeFiles/cmTC_1d07b.dir/build
Building CXX object CMakeFiles/cmTC_1d07b.dir/src.cxx.o
/Library/Developer/CommandLineTools/usr/bin/c++ -DCXXFLAG_WERROR_UNINITIALIZED_OKAY  -march=core2 -mtune=haswell -mssse3 -ftree-vectorize -fPIC -fPIE -fstack-protector-strong -O2 -pipe -stdlib=libc++ -fvisibility-inlines-hidden -std=c++14 -fmessage-length=0 -isystem /Users/larinachen/opt/anaconda3/include  -isysroot /Library/Developer/CommandLineTools/SDKs/MacOSX11.1.sdk -mmacosx-version-min=10.15   -Werror=uninitialized -MD -MT CMakeFiles/cmTC_1d07b.dir/src.cxx.o -MF CMakeFiles/cmTC_1d07b.dir/src.cxx.o.d -o CMakeFiles/cmTC_1d07b.dir/src.cxx.o -c /Users/larinachen/Desktop/final_project/cmake-build-debug/CMakeFiles/CMakeTmp/src.cxx
Linking CXX executable cmTC_1d07b
/Applications/CLion.app/Contents/bin/cmake/mac/bin/cmake -E cmake_link_script CMakeFiles/cmTC_1d07b.dir/link.txt --verbose=1
/Library/Developer/CommandLineTools/usr/bin/c++ -march=core2 -mtune=haswell -mssse3 -ftree-vectorize -fPIC -fPIE -fstack-protector-strong -O2 -pipe -stdlib=libc++ -fvisibility-inlines-hidden -std=c++14 -fmessage-length=0 -isystem /Users/larinachen/opt/anaconda3/include  -isysroot /Library/Developer/CommandLineTools/SDKs/MacOSX11.1.sdk -mmacosx-version-min=10.15 -Wl,-search_paths_first -Wl,-headerpad_max_install_names -Wl,-pie -Wl,-headerpad_max_install_names -Wl,-dead_strip_dylibs -Wl,-rpath,/Users/larinachen/opt/anaconda3/lib -L/Users/larinachen/opt/anaconda3/lib  CMakeFiles/cmTC_1d07b.dir/src.cxx.o -o cmTC_1d07b 


Source file was:
int main() { return 0; }
Performing C++ SOURCE FILE Test LDFLAG_FSANITIZE_UNDEFINED_OKAY succeeded with the following output:
Change Dir: /Users/larinachen/Desktop/final_project/cmake-build-debug/CMakeFiles/CMakeTmp

Run Build Command(s):/usr/bin/make -f Makefile cmTC_3b5c3/fast && /Library/Developer/CommandLineTools/usr/bin/make  -f CMakeFiles/cmTC_3b5c3.dir/build.make CMakeFiles/cmTC_3b5c3.dir/build
Building CXX object CMakeFiles/cmTC_3b5c3.dir/src.cxx.o
/Library/Developer/CommandLineTools/usr/bin/c++ -DLDFLAG_FSANITIZE_UNDEFINED_OKAY  -march=core2 -mtune=haswell -mssse3 -ftree-vectorize -fPIC -fPIE -fstack-protector-strong -O2 -pipe -stdlib=libc++ -fvisibility-inlines-hidden -std=c++14 -fmessage-length=0 -isystem /Users/larinachen/opt/anaconda3/include -fsanitize=undefined  -isysroot /Library/Developer/CommandLineTools/SDKs/MacOSX11.1.sdk -mmacosx-version-min=10.15 -MD -MT CMakeFiles/cmTC_3b5c3.dir/src.cxx.o -MF CMakeFiles/cmTC_3b5c3.dir/src.cxx.o.d -o CMakeFiles/cmTC_3b5c3.dir/src.cxx.o -c /Users/larinachen/Desktop/final_project/cmake-build-debug/CMakeFiles/CMakeTmp/src.cxx
Linking CXX executable cmTC_3b5c3
/Applications/CLion.app/Contents/bin/cmake/mac/bin/cmake -E cmake_link_script CMakeFiles/cmTC_3b5c3.dir/link.txt --verbose=1
/Library/Developer/CommandLineTools/usr/bin/c++ -march=core2 -mtune=haswell -mssse3 -ftree-vectorize -fPIC -fPIE -fstack-protector-strong -O2 -pipe -stdlib=libc++ -fvisibility-inlines-hidden -std=c++14 -fmessage-length=0 -isystem /Users/larinachen/opt/anaconda3/include -fsanitize=undefined  -isysroot /Library/Developer/CommandLineTools/SDKs/MacOSX11.1.sdk -mmacosx-version-min=10.15 -Wl,-search_paths_first -Wl,-headerpad_max_install_names -Wl,-pie -Wl,-headerpad_max_install_names -Wl,-dead_strip_dylibs -Wl,-rpath,/Users/larinachen/opt/anaconda3/lib -L/Users/larinachen/opt/anaconda3/lib  CMakeFiles/cmTC_3b5c3.dir/src.cxx.o -o cmTC_3b5c3 


Source file was:
int main(){}
